nvcc warning : Support for offline compilation for architectures prior to '<compute/sm/lto>_75' will be removed in a future release (Use -Wno-deprecated-gpu-targets to suppress warning).
-------------- Starting GPU compute (CUDA) --------------
Will process 5 image(s) with 3 iteration(s) each

Processing image 1 of 5: data/720x480.png -> out/720x480.png
Loaded image: data/720x480.png (720x480 with 3 channels)

Iteration 1 of 3:
Performing RGB to YUV conversion...
RGB to YUV conversion complete. Time taken: 1.267 ms
Calculating histogram...
Histogram calculation complete. Time taken: 0.025 ms
Calculating cumulative histogram...
Cumulative histogram calculation complete. Time taken: 0.040 ms
Performing histogram equalization...
Histogram equalization complete. Time taken: 0.021 ms
Performing YUV to RGB conversion...
YUV to RGB conversion complete. Time taken: 0.022 ms

Iteration 2 of 3:
Performing RGB to YUV conversion...
RGB to YUV conversion complete. Time taken: 0.012 ms
Calculating histogram...
Histogram calculation complete. Time taken: 0.012 ms
Calculating cumulative histogram...
Cumulative histogram calculation complete. Time taken: 0.030 ms
Performing histogram equalization...
Histogram equalization complete. Time taken: 0.009 ms
Performing YUV to RGB conversion...
YUV to RGB conversion complete. Time taken: 0.011 ms

Iteration 3 of 3:
Performing RGB to YUV conversion...
RGB to YUV conversion complete. Time taken: 0.011 ms
Calculating histogram...
Histogram calculation complete. Time taken: 0.012 ms
Calculating cumulative histogram...
Cumulative histogram calculation complete. Time taken: 0.029 ms
Performing histogram equalization...
Histogram equalization complete. Time taken: 0.008 ms
Performing YUV to RGB conversion...
YUV to RGB conversion complete. Time taken: 0.011 ms
Copying final image from GPU to CPU...
Copy complete.
Saving final processed image to out/720x480.png...
Successfully processed and saved image to out/720x480.png

Processing image 2 of 5: data/1024x768.png -> out/1024x768.png
Loaded image: data/1024x768.png (1024x768 with 3 channels)

Iteration 1 of 3:
Performing RGB to YUV conversion...
RGB to YUV conversion complete. Time taken: 0.028 ms
Calculating histogram...
Histogram calculation complete. Time taken: 0.022 ms
Calculating cumulative histogram...
Cumulative histogram calculation complete. Time taken: 0.029 ms
Performing histogram equalization...
Histogram equalization complete. Time taken: 0.012 ms
Performing YUV to RGB conversion...
YUV to RGB conversion complete. Time taken: 0.019 ms

Iteration 2 of 3:
Performing RGB to YUV conversion...
RGB to YUV conversion complete. Time taken: 0.018 ms
Calculating histogram...
Histogram calculation complete. Time taken: 0.027 ms
Calculating cumulative histogram...
Cumulative histogram calculation complete. Time taken: 0.029 ms
Performing histogram equalization...
Histogram equalization complete. Time taken: 0.012 ms
Performing YUV to RGB conversion...
YUV to RGB conversion complete. Time taken: 0.018 ms

Iteration 3 of 3:
Performing RGB to YUV conversion...
RGB to YUV conversion complete. Time taken: 0.018 ms
Calculating histogram...
Histogram calculation complete. Time taken: 0.027 ms
Calculating cumulative histogram...
Cumulative histogram calculation complete. Time taken: 0.029 ms
Performing histogram equalization...
Histogram equalization complete. Time taken: 0.012 ms
Performing YUV to RGB conversion...
YUV to RGB conversion complete. Time taken: 0.018 ms
Copying final image from GPU to CPU...
Copy complete.
Saving final processed image to out/1024x768.png...
Successfully processed and saved image to out/1024x768.png

Processing image 3 of 5: data/1920x1200.png -> out/1920x1200.png
Loaded image: data/1920x1200.png (1920x1200 with 3 channels)

Iteration 1 of 3:
Performing RGB to YUV conversion...
RGB to YUV conversion complete. Time taken: 0.067 ms
Calculating histogram...
Histogram calculation complete. Time taken: 0.040 ms
Calculating cumulative histogram...
Cumulative histogram calculation complete. Time taken: 0.032 ms
Performing histogram equalization...
Histogram equalization complete. Time taken: 0.029 ms
Performing YUV to RGB conversion...
YUV to RGB conversion complete. Time taken: 0.047 ms

Iteration 2 of 3:
Performing RGB to YUV conversion...
RGB to YUV conversion complete. Time taken: 0.048 ms
Calculating histogram...
Histogram calculation complete. Time taken: 0.042 ms
Calculating cumulative histogram...
Cumulative histogram calculation complete. Time taken: 0.031 ms
Performing histogram equalization...
Histogram equalization complete. Time taken: 0.027 ms
Performing YUV to RGB conversion...
YUV to RGB conversion complete. Time taken: 0.048 ms

Iteration 3 of 3:
Performing RGB to YUV conversion...
RGB to YUV conversion complete. Time taken: 0.047 ms
Calculating histogram...
Histogram calculation complete. Time taken: 0.043 ms
Calculating cumulative histogram...
Cumulative histogram calculation complete. Time taken: 0.031 ms
Performing histogram equalization...
Histogram equalization complete. Time taken: 0.030 ms
Performing YUV to RGB conversion...
YUV to RGB conversion complete. Time taken: 0.048 ms
Copying final image from GPU to CPU...
Copy complete.
Saving final processed image to out/1920x1200.png...
Successfully processed and saved image to out/1920x1200.png

Processing image 4 of 5: data/3840x2160.png -> out/3840x2160.png
Loaded image: data/3840x2160.png (3840x2160 with 3 channels)

Iteration 1 of 3:
Performing RGB to YUV conversion...
RGB to YUV conversion complete. Time taken: 0.177 ms
Calculating histogram...
Histogram calculation complete. Time taken: 0.110 ms
Calculating cumulative histogram...
Cumulative histogram calculation complete. Time taken: 0.032 ms
Performing histogram equalization...
Histogram equalization complete. Time taken: 0.087 ms
Performing YUV to RGB conversion...
YUV to RGB conversion complete. Time taken: 0.152 ms

Iteration 2 of 3:
Performing RGB to YUV conversion...
RGB to YUV conversion complete. Time taken: 0.149 ms
Calculating histogram...
Histogram calculation complete. Time taken: 0.114 ms
Calculating cumulative histogram...
Cumulative histogram calculation complete. Time taken: 0.030 ms
Performing histogram equalization...
Histogram equalization complete. Time taken: 0.085 ms
Performing YUV to RGB conversion...
YUV to RGB conversion complete. Time taken: 0.151 ms

Iteration 3 of 3:
Performing RGB to YUV conversion...
RGB to YUV conversion complete. Time taken: 0.150 ms
Calculating histogram...
Histogram calculation complete. Time taken: 0.115 ms
Calculating cumulative histogram...
Cumulative histogram calculation complete. Time taken: 0.031 ms
Performing histogram equalization...
Histogram equalization complete. Time taken: 0.084 ms
Performing YUV to RGB conversion...
YUV to RGB conversion complete. Time taken: 0.152 ms
Copying final image from GPU to CPU...
Copy complete.
Saving final processed image to out/3840x2160.png...
Successfully processed and saved image to out/3840x2160.png

Processing image 5 of 5: data/7680x4320.png -> out/7680x4320.png
Loaded image: data/7680x4320.png (7680x4320 with 3 channels)

Iteration 1 of 3:
Performing RGB to YUV conversion...
RGB to YUV conversion complete. Time taken: 0.600 ms
Calculating histogram...
Histogram calculation complete. Time taken: 0.417 ms
Calculating cumulative histogram...
Cumulative histogram calculation complete. Time taken: 0.030 ms
Performing histogram equalization...
Histogram equalization complete. Time taken: 0.339 ms
Performing YUV to RGB conversion...
YUV to RGB conversion complete. Time taken: 0.587 ms

Iteration 2 of 3:
Performing RGB to YUV conversion...
RGB to YUV conversion complete. Time taken: 0.581 ms
Calculating histogram...
Histogram calculation complete. Time taken: 0.430 ms
Calculating cumulative histogram...
Cumulative histogram calculation complete. Time taken: 0.028 ms
Performing histogram equalization...
Histogram equalization complete. Time taken: 0.344 ms
Performing YUV to RGB conversion...
YUV to RGB conversion complete. Time taken: 0.584 ms

Iteration 3 of 3:
Performing RGB to YUV conversion...
RGB to YUV conversion complete. Time taken: 0.581 ms
Calculating histogram...
Histogram calculation complete. Time taken: 0.435 ms
Calculating cumulative histogram...
Cumulative histogram calculation complete. Time taken: 0.028 ms
Performing histogram equalization...
Histogram equalization complete. Time taken: 0.340 ms
Performing YUV to RGB conversion...
YUV to RGB conversion complete. Time taken: 0.585 ms
Copying final image from GPU to CPU...
Copy complete.
Saving final processed image to out/7680x4320.png...
Successfully processed and saved image to out/7680x4320.png

-------------- GPU compute finished --------------
