nvcc -diag-suppress 550 -O2 -I/usr/local/cuda/include -Iinclude src/cuda/gray_scott_shared.cu src/cuda/gray_scott_cuda.cu -o cuda_shared.out
nvcc warning : Support for offline compilation for architectures prior to '<compute/sm/lto>_75' will be removed in a future release (Use -Wno-deprecated-gpu-targets to suppress warning).
/cvmfs/sling.si/modules/el7/software/binutils/2.40-GCCcore-13.2.0/bin/ld: /tmp/tmpxft_002c0c9f_00000000-18_gray_scott_cuda.o:(.data+0x38): multiple definition of `stbi_write_tga_with_rle'; /tmp/tmpxft_002c0c9f_00000000-15_gray_scott_shared.o:(.data+0x38): first defined here
/cvmfs/sling.si/modules/el7/software/binutils/2.40-GCCcore-13.2.0/bin/ld: /tmp/tmpxft_002c0c9f_00000000-18_gray_scott_cuda.o: in function `grayScottKernel(float*, float*, int, int, int, double, double, double, double, double)':
tmpxft_002c0c9f_00000000-10_gray_scott_cuda.cudafe1.cpp:(.text+0x6120): multiple definition of `grayScottKernel(float*, float*, int, int, int, double, double, double, double, double)'; /tmp/tmpxft_002c0c9f_00000000-15_gray_scott_shared.o:tmpxft_002c0c9f_00000000-6_gray_scott_shared.cudafe1.cpp:(.text+0x6120): first defined here
/cvmfs/sling.si/modules/el7/software/binutils/2.40-GCCcore-13.2.0/bin/ld: /tmp/tmpxft_002c0c9f_00000000-18_gray_scott_cuda.o: in function `stbi_failure_reason':
tmpxft_002c0c9f_00000000-10_gray_scott_cuda.cudafe1.cpp:(.text+0x105f0): multiple definition of `stbi_failure_reason'; /tmp/tmpxft_002c0c9f_00000000-15_gray_scott_shared.o:tmpxft_002c0c9f_00000000-6_gray_scott_shared.cudafe1.cpp:(.text+0x105f0): first defined here
/cvmfs/sling.si/modules/el7/software/binutils/2.40-GCCcore-13.2.0/bin/ld: /tmp/tmpxft_002c0c9f_00000000-18_gray_scott_cuda.o: in function `stbi_image_free':
tmpxft_002c0c9f_00000000-10_gray_scott_cuda.cudafe1.cpp:(.text+0x10600): multiple definition of `stbi_image_free'; /tmp/tmpxft_002c0c9f_00000000-15_gray_scott_shared.o:tmpxft_002c0c9f_00000000-6_gray_scott_shared.cudafe1.cpp:(.text+0x10600): first defined here
/cvmfs/sling.si/modules/el7/software/binutils/2.40-GCCcore-13.2.0/bin/ld: /tmp/tmpxft_002c0c9f_00000000-18_gray_scott_cuda.o: in function `stbi_set_flip_vertically_on_load':
tmpxft_002c0c9f_00000000-10_gray_scott_cuda.cudafe1.cpp:(.text+0x10610): multiple definition of `stbi_set_flip_vertically_on_load'; /tmp/tmpxft_002c0c9f_00000000-15_gray_scott_shared.o:tmpxft_002c0c9f_00000000-6_gray_scott_shared.cudafe1.cpp:(.text+0x10610): first defined here
/cvmfs/sling.si/modules/el7/software/binutils/2.40-GCCcore-13.2.0/bin/ld: /tmp/tmpxft_002c0c9f_00000000-18_gray_scott_cuda.o: in function `stbi_set_flip_vertically_on_load_thread':
tmpxft_002c0c9f_00000000-10_gray_scott_cuda.cudafe1.cpp:(.text+0x10620): multiple definition of `stbi_set_flip_vertically_on_load_thread'; /tmp/tmpxft_002c0c9f_00000000-15_gray_scott_shared.o:tmpxft_002c0c9f_00000000-6_gray_scott_shared.cudafe1.cpp:(.text+0x10620): first defined here
/cvmfs/sling.si/modules/el7/software/binutils/2.40-GCCcore-13.2.0/bin/ld: /tmp/tmpxft_002c0c9f_00000000-18_gray_scott_cuda.o: in function `stbi_load_gif_from_memory':
tmpxft_002c0c9f_00000000-10_gray_scott_cuda.cudafe1.cpp:(.text+0x10640): multiple definition of `stbi_load_gif_from_memory'; /tmp/tmpxft_002c0c9f_00000000-15_gray_scott_shared.o:tmpxft_002c0c9f_00000000-6_gray_scott_shared.cudafe1.cpp:(.text+0x10640): first defined here
/cvmfs/sling.si/modules/el7/software/binutils/2.40-GCCcore-13.2.0/bin/ld: /tmp/tmpxft_002c0c9f_00000000-18_gray_scott_cuda.o: in function `stbi_is_hdr_from_memory':
tmpxft_002c0c9f_00000000-10_gray_scott_cuda.cudafe1.cpp:(.text+0x10760): multiple definition of `stbi_is_hdr_from_memory'; /tmp/tmpxft_002c0c9f_00000000-15_gray_scott_shared.o:tmpxft_002c0c9f_00000000-6_gray_scott_shared.cudafe1.cpp:(.text+0x10760): first defined here
/cvmfs/sling.si/modules/el7/software/binutils/2.40-GCCcore-13.2.0/bin/ld: /tmp/tmpxft_002c0c9f_00000000-18_gray_scott_cuda.o: in function `stbi_is_hdr':
tmpxft_002c0c9f_00000000-10_gray_scott_cuda.cudafe1.cpp:(.text+0x107c0): multiple definition of `stbi_is_hdr'; /tmp/tmpxft_002c0c9f_00000000-15_gray_scott_shared.o:tmpxft_002c0c9f_00000000-6_gray_scott_shared.cudafe1.cpp:(.text+0x107c0): first defined here
/cvmfs/sling.si/modules/el7/software/binutils/2.40-GCCcore-13.2.0/bin/ld: /tmp/tmpxft_002c0c9f_00000000-18_gray_scott_cuda.o: in function `stbi_is_hdr_from_file':
tmpxft_002c0c9f_00000000-10_gray_scott_cuda.cudafe1.cpp:(.text+0x10880): multiple definition of `stbi_is_hdr_from_file'; /tmp/tmpxft_002c0c9f_00000000-15_gray_scott_shared.o:tmpxft_002c0c9f_00000000-6_gray_scott_shared.cudafe1.cpp:(.text+0x10880): first defined here
/cvmfs/sling.si/modules/el7/software/binutils/2.40-GCCcore-13.2.0/bin/ld: /tmp/tmpxft_002c0c9f_00000000-18_gray_scott_cuda.o: in function `stbi_is_hdr_from_callbacks':
tmpxft_002c0c9f_00000000-10_gray_scott_cuda.cudafe1.cpp:(.text+0x10920): multiple definition of `stbi_is_hdr_from_callbacks'; /tmp/tmpxft_002c0c9f_00000000-15_gray_scott_shared.o:tmpxft_002c0c9f_00000000-6_gray_scott_shared.cudafe1.cpp:(.text+0x10920): first defined here
/cvmfs/sling.si/modules/el7/software/binutils/2.40-GCCcore-13.2.0/bin/ld: /tmp/tmpxft_002c0c9f_00000000-18_gray_scott_cuda.o: in function `stbi_ldr_to_hdr_gamma':
tmpxft_002c0c9f_00000000-10_gray_scott_cuda.cudafe1.cpp:(.text+0x109a0): multiple definition of `stbi_ldr_to_hdr_gamma'; /tmp/tmpxft_002c0c9f_00000000-15_gray_scott_shared.o:tmpxft_002c0c9f_00000000-6_gray_scott_shared.cudafe1.cpp:(.text+0x109a0): first defined here
/cvmfs/sling.si/modules/el7/software/binutils/2.40-GCCcore-13.2.0/bin/ld: /tmp/tmpxft_002c0c9f_00000000-18_gray_scott_cuda.o: in function `stbi_ldr_to_hdr_scale':
tmpxft_002c0c9f_00000000-10_gray_scott_cuda.cudafe1.cpp:(.text+0x109b0): multiple definition of `stbi_ldr_to_hdr_scale'; /tmp/tmpxft_002c0c9f_00000000-15_gray_scott_shared.o:tmpxft_002c0c9f_00000000-6_gray_scott_shared.cudafe1.cpp:(.text+0x109b0): first defined here
/cvmfs/sling.si/modules/el7/software/binutils/2.40-GCCcore-13.2.0/bin/ld: /tmp/tmpxft_002c0c9f_00000000-18_gray_scott_cuda.o: in function `stbi_hdr_to_ldr_gamma':
tmpxft_002c0c9f_00000000-10_gray_scott_cuda.cudafe1.cpp:(.text+0x109c0): multiple definition of `stbi_hdr_to_ldr_gamma'; /tmp/tmpxft_002c0c9f_00000000-15_gray_scott_shared.o:tmpxft_002c0c9f_00000000-6_gray_scott_shared.cudafe1.cpp:(.text+0x109c0): first defined here
/cvmfs/sling.si/modules/el7/software/binutils/2.40-GCCcore-13.2.0/bin/ld: /tmp/tmpxft_002c0c9f_00000000-18_gray_scott_cuda.o: in function `stbi_hdr_to_ldr_scale':
tmpxft_002c0c9f_00000000-10_gray_scott_cuda.cudafe1.cpp:(.text+0x109e0): multiple definition of `stbi_hdr_to_ldr_scale'; /tmp/tmpxft_002c0c9f_00000000-15_gray_scott_shared.o:tmpxft_002c0c9f_00000000-6_gray_scott_shared.cudafe1.cpp:(.text+0x109e0): first defined here
/cvmfs/sling.si/modules/el7/software/binutils/2.40-GCCcore-13.2.0/bin/ld: /tmp/tmpxft_002c0c9f_00000000-18_gray_scott_cuda.o: in function `stbi_zlib_decode_malloc_guesssize':
tmpxft_002c0c9f_00000000-10_gray_scott_cuda.cudafe1.cpp:(.text+0x10a00): multiple definition of `stbi_zlib_decode_malloc_guesssize'; /tmp/tmpxft_002c0c9f_00000000-15_gray_scott_shared.o:tmpxft_002c0c9f_00000000-6_gray_scott_shared.cudafe1.cpp:(.text+0x10a00): first defined here
/cvmfs/sling.si/modules/el7/software/binutils/2.40-GCCcore-13.2.0/bin/ld: /tmp/tmpxft_002c0c9f_00000000-18_gray_scott_cuda.o: in function `stbi_zlib_decode_malloc':
tmpxft_002c0c9f_00000000-10_gray_scott_cuda.cudafe1.cpp:(.text+0x10ab0): multiple definition of `stbi_zlib_decode_malloc'; /tmp/tmpxft_002c0c9f_00000000-15_gray_scott_shared.o:tmpxft_002c0c9f_00000000-6_gray_scott_shared.cudafe1.cpp:(.text+0x10ab0): first defined here
/cvmfs/sling.si/modules/el7/software/binutils/2.40-GCCcore-13.2.0/bin/ld: /tmp/tmpxft_002c0c9f_00000000-18_gray_scott_cuda.o: in function `stbi_zlib_decode_malloc_guesssize_headerflag':
tmpxft_002c0c9f_00000000-10_gray_scott_cuda.cudafe1.cpp:(.text+0x10ac0): multiple definition of `stbi_zlib_decode_malloc_guesssize_headerflag'; /tmp/tmpxft_002c0c9f_00000000-15_gray_scott_shared.o:tmpxft_002c0c9f_00000000-6_gray_scott_shared.cudafe1.cpp:(.text+0x10ac0): first defined here
/cvmfs/sling.si/modules/el7/software/binutils/2.40-GCCcore-13.2.0/bin/ld: /tmp/tmpxft_002c0c9f_00000000-18_gray_scott_cuda.o: in function `stbi_load_from_file':
tmpxft_002c0c9f_00000000-10_gray_scott_cuda.cudafe1.cpp:(.text+0x159b0): multiple definition of `stbi_load_from_file'; /tmp/tmpxft_002c0c9f_00000000-15_gray_scott_shared.o:tmpxft_002c0c9f_00000000-6_gray_scott_shared.cudafe1.cpp:(.text+0x159b0): first defined here
/cvmfs/sling.si/modules/el7/software/binutils/2.40-GCCcore-13.2.0/bin/ld: /tmp/tmpxft_002c0c9f_00000000-18_gray_scott_cuda.o: in function `stbi_load_from_memory':
tmpxft_002c0c9f_00000000-10_gray_scott_cuda.cudafe1.cpp:(.text+0x15a80): multiple definition of `stbi_load_from_memory'; /tmp/tmpxft_002c0c9f_00000000-15_gray_scott_shared.o:tmpxft_002c0c9f_00000000-6_gray_scott_shared.cudafe1.cpp:(.text+0x15a80): first defined here
/cvmfs/sling.si/modules/el7/software/binutils/2.40-GCCcore-13.2.0/bin/ld: /tmp/tmpxft_002c0c9f_00000000-18_gray_scott_cuda.o: in function `stbi_load_from_callbacks':
tmpxft_002c0c9f_00000000-10_gray_scott_cuda.cudafe1.cpp:(.text+0x15af0): multiple definition of `stbi_load_from_callbacks'; /tmp/tmpxft_002c0c9f_00000000-15_gray_scott_shared.o:tmpxft_002c0c9f_00000000-6_gray_scott_shared.cudafe1.cpp:(.text+0x15af0): first defined here
/cvmfs/sling.si/modules/el7/software/binutils/2.40-GCCcore-13.2.0/bin/ld: /tmp/tmpxft_002c0c9f_00000000-18_gray_scott_cuda.o: in function `stbi_loadf_from_memory':
tmpxft_002c0c9f_00000000-10_gray_scott_cuda.cudafe1.cpp:(.text+0x15e30): multiple definition of `stbi_loadf_from_memory'; /tmp/tmpxft_002c0c9f_00000000-15_gray_scott_shared.o:tmpxft_002c0c9f_00000000-6_gray_scott_shared.cudafe1.cpp:(.text+0x15e30): first defined here
/cvmfs/sling.si/modules/el7/software/binutils/2.40-GCCcore-13.2.0/bin/ld: /tmp/tmpxft_002c0c9f_00000000-18_gray_scott_cuda.o: in function `stbi_loadf_from_callbacks':
tmpxft_002c0c9f_00000000-10_gray_scott_cuda.cudafe1.cpp:(.text+0x15ea0): multiple definition of `stbi_loadf_from_callbacks'; /tmp/tmpxft_002c0c9f_00000000-15_gray_scott_shared.o:tmpxft_002c0c9f_00000000-6_gray_scott_shared.cudafe1.cpp:(.text+0x15ea0): first defined here
/cvmfs/sling.si/modules/el7/software/binutils/2.40-GCCcore-13.2.0/bin/ld: /tmp/tmpxft_002c0c9f_00000000-18_gray_scott_cuda.o: in function `stbi_loadf_from_file':
tmpxft_002c0c9f_00000000-10_gray_scott_cuda.cudafe1.cpp:(.text+0x15f40): multiple definition of `stbi_loadf_from_file'; /tmp/tmpxft_002c0c9f_00000000-15_gray_scott_shared.o:tmpxft_002c0c9f_00000000-6_gray_scott_shared.cudafe1.cpp:(.text+0x15f40): first defined here
/cvmfs/sling.si/modules/el7/software/binutils/2.40-GCCcore-13.2.0/bin/ld: /tmp/tmpxft_002c0c9f_00000000-18_gray_scott_cuda.o: in function `stbi_loadf':
tmpxft_002c0c9f_00000000-10_gray_scott_cuda.cudafe1.cpp:(.text+0x15fe0): multiple definition of `stbi_loadf'; /tmp/tmpxft_002c0c9f_00000000-15_gray_scott_shared.o:tmpxft_002c0c9f_00000000-6_gray_scott_shared.cudafe1.cpp:(.text+0x15fe0): first defined here
/cvmfs/sling.si/modules/el7/software/binutils/2.40-GCCcore-13.2.0/bin/ld: /tmp/tmpxft_002c0c9f_00000000-18_gray_scott_cuda.o: in function `stbi_load':
tmpxft_002c0c9f_00000000-10_gray_scott_cuda.cudafe1.cpp:(.text+0x160c0): multiple definition of `stbi_load'; /tmp/tmpxft_002c0c9f_00000000-15_gray_scott_shared.o:tmpxft_002c0c9f_00000000-6_gray_scott_shared.cudafe1.cpp:(.text+0x160c0): first defined here
/cvmfs/sling.si/modules/el7/software/binutils/2.40-GCCcore-13.2.0/bin/ld: /tmp/tmpxft_002c0c9f_00000000-18_gray_scott_cuda.o: in function `stbi_load_from_file_16':
tmpxft_002c0c9f_00000000-10_gray_scott_cuda.cudafe1.cpp:(.text+0x162f0): multiple definition of `stbi_load_from_file_16'; /tmp/tmpxft_002c0c9f_00000000-15_gray_scott_shared.o:tmpxft_002c0c9f_00000000-6_gray_scott_shared.cudafe1.cpp:(.text+0x162f0): first defined here
/cvmfs/sling.si/modules/el7/software/binutils/2.40-GCCcore-13.2.0/bin/ld: /tmp/tmpxft_002c0c9f_00000000-18_gray_scott_cuda.o: in function `stbi_load_16_from_memory':
tmpxft_002c0c9f_00000000-10_gray_scott_cuda.cudafe1.cpp:(.text+0x163c0): multiple definition of `stbi_load_16_from_memory'; /tmp/tmpxft_002c0c9f_00000000-15_gray_scott_shared.o:tmpxft_002c0c9f_00000000-6_gray_scott_shared.cudafe1.cpp:(.text+0x163c0): first defined here
/cvmfs/sling.si/modules/el7/software/binutils/2.40-GCCcore-13.2.0/bin/ld: /tmp/tmpxft_002c0c9f_00000000-18_gray_scott_cuda.o: in function `stbi_load_16_from_callbacks':
tmpxft_002c0c9f_00000000-10_gray_scott_cuda.cudafe1.cpp:(.text+0x16430): multiple definition of `stbi_load_16_from_callbacks'; /tmp/tmpxft_002c0c9f_00000000-15_gray_scott_shared.o:tmpxft_002c0c9f_00000000-6_gray_scott_shared.cudafe1.cpp:(.text+0x16430): first defined here
/cvmfs/sling.si/modules/el7/software/binutils/2.40-GCCcore-13.2.0/bin/ld: /tmp/tmpxft_002c0c9f_00000000-18_gray_scott_cuda.o: in function `stbi_load_16':
tmpxft_002c0c9f_00000000-10_gray_scott_cuda.cudafe1.cpp:(.text+0x164d0): multiple definition of `stbi_load_16'; /tmp/tmpxft_002c0c9f_00000000-15_gray_scott_shared.o:tmpxft_002c0c9f_00000000-6_gray_scott_shared.cudafe1.cpp:(.text+0x164d0): first defined here
/cvmfs/sling.si/modules/el7/software/binutils/2.40-GCCcore-13.2.0/bin/ld: /tmp/tmpxft_002c0c9f_00000000-18_gray_scott_cuda.o: in function `stbi_zlib_decode_buffer':
tmpxft_002c0c9f_00000000-10_gray_scott_cuda.cudafe1.cpp:(.text+0x17610): multiple definition of `stbi_zlib_decode_buffer'; /tmp/tmpxft_002c0c9f_00000000-15_gray_scott_shared.o:tmpxft_002c0c9f_00000000-6_gray_scott_shared.cudafe1.cpp:(.text+0x17610): first defined here
/cvmfs/sling.si/modules/el7/software/binutils/2.40-GCCcore-13.2.0/bin/ld: /tmp/tmpxft_002c0c9f_00000000-18_gray_scott_cuda.o: in function `stbi_zlib_decode_noheader_malloc':
tmpxft_002c0c9f_00000000-10_gray_scott_cuda.cudafe1.cpp:(.text+0x17680): multiple definition of `stbi_zlib_decode_noheader_malloc'; /tmp/tmpxft_002c0c9f_00000000-15_gray_scott_shared.o:tmpxft_002c0c9f_00000000-6_gray_scott_shared.cudafe1.cpp:(.text+0x17680): first defined here
/cvmfs/sling.si/modules/el7/software/binutils/2.40-GCCcore-13.2.0/bin/ld: /tmp/tmpxft_002c0c9f_00000000-18_gray_scott_cuda.o: in function `stbi_zlib_decode_noheader_buffer':
tmpxft_002c0c9f_00000000-10_gray_scott_cuda.cudafe1.cpp:(.text+0x17720): multiple definition of `stbi_zlib_decode_noheader_buffer'; /tmp/tmpxft_002c0c9f_00000000-15_gray_scott_shared.o:tmpxft_002c0c9f_00000000-6_gray_scott_shared.cudafe1.cpp:(.text+0x17720): first defined here
/cvmfs/sling.si/modules/el7/software/binutils/2.40-GCCcore-13.2.0/bin/ld: /tmp/tmpxft_002c0c9f_00000000-18_gray_scott_cuda.o: in function `stbi_set_unpremultiply_on_load':
tmpxft_002c0c9f_00000000-10_gray_scott_cuda.cudafe1.cpp:(.text+0x17790): multiple definition of `stbi_set_unpremultiply_on_load'; /tmp/tmpxft_002c0c9f_00000000-15_gray_scott_shared.o:tmpxft_002c0c9f_00000000-6_gray_scott_shared.cudafe1.cpp:(.text+0x17790): first defined here
/cvmfs/sling.si/modules/el7/software/binutils/2.40-GCCcore-13.2.0/bin/ld: /tmp/tmpxft_002c0c9f_00000000-18_gray_scott_cuda.o: in function `stbi_convert_iphone_png_to_rgb':
tmpxft_002c0c9f_00000000-10_gray_scott_cuda.cudafe1.cpp:(.text+0x177a0): multiple definition of `stbi_convert_iphone_png_to_rgb'; /tmp/tmpxft_002c0c9f_00000000-15_gray_scott_shared.o:tmpxft_002c0c9f_00000000-6_gray_scott_shared.cudafe1.cpp:(.text+0x177a0): first defined here
/cvmfs/sling.si/modules/el7/software/binutils/2.40-GCCcore-13.2.0/bin/ld: /tmp/tmpxft_002c0c9f_00000000-18_gray_scott_cuda.o: in function `stbi_info':
tmpxft_002c0c9f_00000000-10_gray_scott_cuda.cudafe1.cpp:(.text+0x177b0): multiple definition of `stbi_info'; /tmp/tmpxft_002c0c9f_00000000-15_gray_scott_shared.o:tmpxft_002c0c9f_00000000-6_gray_scott_shared.cudafe1.cpp:(.text+0x177b0): first defined here
/cvmfs/sling.si/modules/el7/software/binutils/2.40-GCCcore-13.2.0/bin/ld: /tmp/tmpxft_002c0c9f_00000000-18_gray_scott_cuda.o: in function `stbi_info_from_file':
tmpxft_002c0c9f_00000000-10_gray_scott_cuda.cudafe1.cpp:(.text+0x178a0): multiple definition of `stbi_info_from_file'; /tmp/tmpxft_002c0c9f_00000000-15_gray_scott_shared.o:tmpxft_002c0c9f_00000000-6_gray_scott_shared.cudafe1.cpp:(.text+0x178a0): first defined here
/cvmfs/sling.si/modules/el7/software/binutils/2.40-GCCcore-13.2.0/bin/ld: /tmp/tmpxft_002c0c9f_00000000-18_gray_scott_cuda.o: in function `stbi_is_16_bit':
tmpxft_002c0c9f_00000000-10_gray_scott_cuda.cudafe1.cpp:(.text+0x17960): multiple definition of `stbi_is_16_bit'; /tmp/tmpxft_002c0c9f_00000000-15_gray_scott_shared.o:tmpxft_002c0c9f_00000000-6_gray_scott_shared.cudafe1.cpp:(.text+0x17960): first defined here
/cvmfs/sling.si/modules/el7/software/binutils/2.40-GCCcore-13.2.0/bin/ld: /tmp/tmpxft_002c0c9f_00000000-18_gray_scott_cuda.o: in function `stbi_is_16_bit_from_file':
tmpxft_002c0c9f_00000000-10_gray_scott_cuda.cudafe1.cpp:(.text+0x17a30): multiple definition of `stbi_is_16_bit_from_file'; /tmp/tmpxft_002c0c9f_00000000-15_gray_scott_shared.o:tmpxft_002c0c9f_00000000-6_gray_scott_shared.cudafe1.cpp:(.text+0x17a30): first defined here
/cvmfs/sling.si/modules/el7/software/binutils/2.40-GCCcore-13.2.0/bin/ld: /tmp/tmpxft_002c0c9f_00000000-18_gray_scott_cuda.o: in function `stbi_info_from_memory':
tmpxft_002c0c9f_00000000-10_gray_scott_cuda.cudafe1.cpp:(.text+0x17ad0): multiple definition of `stbi_info_from_memory'; /tmp/tmpxft_002c0c9f_00000000-15_gray_scott_shared.o:tmpxft_002c0c9f_00000000-6_gray_scott_shared.cudafe1.cpp:(.text+0x17ad0): first defined here
/cvmfs/sling.si/modules/el7/software/binutils/2.40-GCCcore-13.2.0/bin/ld: /tmp/tmpxft_002c0c9f_00000000-18_gray_scott_cuda.o: in function `stbi_info_from_callbacks':
tmpxft_002c0c9f_00000000-10_gray_scott_cuda.cudafe1.cpp:(.text+0x17b30): multiple definition of `stbi_info_from_callbacks'; /tmp/tmpxft_002c0c9f_00000000-15_gray_scott_shared.o:tmpxft_002c0c9f_00000000-6_gray_scott_shared.cudafe1.cpp:(.text+0x17b30): first defined here
/cvmfs/sling.si/modules/el7/software/binutils/2.40-GCCcore-13.2.0/bin/ld: /tmp/tmpxft_002c0c9f_00000000-18_gray_scott_cuda.o: in function `stbi_is_16_bit_from_memory':
tmpxft_002c0c9f_00000000-10_gray_scott_cuda.cudafe1.cpp:(.text+0x17bc0): multiple definition of `stbi_is_16_bit_from_memory'; /tmp/tmpxft_002c0c9f_00000000-15_gray_scott_shared.o:tmpxft_002c0c9f_00000000-6_gray_scott_shared.cudafe1.cpp:(.text+0x17bc0): first defined here
/cvmfs/sling.si/modules/el7/software/binutils/2.40-GCCcore-13.2.0/bin/ld: /tmp/tmpxft_002c0c9f_00000000-18_gray_scott_cuda.o: in function `stbi_is_16_bit_from_callbacks':
tmpxft_002c0c9f_00000000-10_gray_scott_cuda.cudafe1.cpp:(.text+0x17c20): multiple definition of `stbi_is_16_bit_from_callbacks'; /tmp/tmpxft_002c0c9f_00000000-15_gray_scott_shared.o:tmpxft_002c0c9f_00000000-6_gray_scott_shared.cudafe1.cpp:(.text+0x17c20): first defined here
/cvmfs/sling.si/modules/el7/software/binutils/2.40-GCCcore-13.2.0/bin/ld: /tmp/tmpxft_002c0c9f_00000000-18_gray_scott_cuda.o: in function `stbi_flip_vertically_on_write':
tmpxft_002c0c9f_00000000-10_gray_scott_cuda.cudafe1.cpp:(.text+0x17ca0): multiple definition of `stbi_flip_vertically_on_write'; /tmp/tmpxft_002c0c9f_00000000-15_gray_scott_shared.o:tmpxft_002c0c9f_00000000-6_gray_scott_shared.cudafe1.cpp:(.text+0x17ca0): first defined here
/cvmfs/sling.si/modules/el7/software/binutils/2.40-GCCcore-13.2.0/bin/ld: /tmp/tmpxft_002c0c9f_00000000-18_gray_scott_cuda.o: in function `stbi_write_bmp_to_func':
tmpxft_002c0c9f_00000000-10_gray_scott_cuda.cudafe1.cpp:(.text+0x17cb0): multiple definition of `stbi_write_bmp_to_func'; /tmp/tmpxft_002c0c9f_00000000-15_gray_scott_shared.o:tmpxft_002c0c9f_00000000-6_gray_scott_shared.cudafe1.cpp:(.text+0x17cb0): first defined here
/cvmfs/sling.si/modules/el7/software/binutils/2.40-GCCcore-13.2.0/bin/ld: /tmp/tmpxft_002c0c9f_00000000-18_gray_scott_cuda.o: in function `stbi_write_bmp':
tmpxft_002c0c9f_00000000-10_gray_scott_cuda.cudafe1.cpp:(.text+0x17d00): multiple definition of `stbi_write_bmp'; /tmp/tmpxft_002c0c9f_00000000-15_gray_scott_shared.o:tmpxft_002c0c9f_00000000-6_gray_scott_shared.cudafe1.cpp:(.text+0x17d00): first defined here
/cvmfs/sling.si/modules/el7/software/binutils/2.40-GCCcore-13.2.0/bin/ld: /tmp/tmpxft_002c0c9f_00000000-18_gray_scott_cuda.o: in function `stbi_write_tga_to_func':
tmpxft_002c0c9f_00000000-10_gray_scott_cuda.cudafe1.cpp:(.text+0x17d80): multiple definition of `stbi_write_tga_to_func'; /tmp/tmpxft_002c0c9f_00000000-15_gray_scott_shared.o:tmpxft_002c0c9f_00000000-6_gray_scott_shared.cudafe1.cpp:(.text+0x17d80): first defined here
/cvmfs/sling.si/modules/el7/software/binutils/2.40-GCCcore-13.2.0/bin/ld: /tmp/tmpxft_002c0c9f_00000000-18_gray_scott_cuda.o: in function `stbi_write_tga':
tmpxft_002c0c9f_00000000-10_gray_scott_cuda.cudafe1.cpp:(.text+0x17dd0): multiple definition of `stbi_write_tga'; /tmp/tmpxft_002c0c9f_00000000-15_gray_scott_shared.o:tmpxft_002c0c9f_00000000-6_gray_scott_shared.cudafe1.cpp:(.text+0x17dd0): first defined here
/cvmfs/sling.si/modules/el7/software/binutils/2.40-GCCcore-13.2.0/bin/ld: /tmp/tmpxft_002c0c9f_00000000-18_gray_scott_cuda.o: in function `stbi_write_hdr_to_func':
tmpxft_002c0c9f_00000000-10_gray_scott_cuda.cudafe1.cpp:(.text+0x17e50): multiple definition of `stbi_write_hdr_to_func'; /tmp/tmpxft_002c0c9f_00000000-15_gray_scott_shared.o:tmpxft_002c0c9f_00000000-6_gray_scott_shared.cudafe1.cpp:(.text+0x17e50): first defined here
/cvmfs/sling.si/modules/el7/software/binutils/2.40-GCCcore-13.2.0/bin/ld: /tmp/tmpxft_002c0c9f_00000000-18_gray_scott_cuda.o: in function `stbi_write_hdr':
tmpxft_002c0c9f_00000000-10_gray_scott_cuda.cudafe1.cpp:(.text+0x17ec0): multiple definition of `stbi_write_hdr'; /tmp/tmpxft_002c0c9f_00000000-15_gray_scott_shared.o:tmpxft_002c0c9f_00000000-6_gray_scott_shared.cudafe1.cpp:(.text+0x17ec0): first defined here
/cvmfs/sling.si/modules/el7/software/binutils/2.40-GCCcore-13.2.0/bin/ld: /tmp/tmpxft_002c0c9f_00000000-18_gray_scott_cuda.o: in function `stbi_zlib_compress':
tmpxft_002c0c9f_00000000-10_gray_scott_cuda.cudafe1.cpp:(.text+0x17f70): multiple definition of `stbi_zlib_compress'; /tmp/tmpxft_002c0c9f_00000000-15_gray_scott_shared.o:tmpxft_002c0c9f_00000000-6_gray_scott_shared.cudafe1.cpp:(.text+0x17f70): first defined here
/cvmfs/sling.si/modules/el7/software/binutils/2.40-GCCcore-13.2.0/bin/ld: /tmp/tmpxft_002c0c9f_00000000-18_gray_scott_cuda.o: in function `stbi_write_png_to_mem':
tmpxft_002c0c9f_00000000-10_gray_scott_cuda.cudafe1.cpp:(.text+0x18800): multiple definition of `stbi_write_png_to_mem'; /tmp/tmpxft_002c0c9f_00000000-15_gray_scott_shared.o:tmpxft_002c0c9f_00000000-6_gray_scott_shared.cudafe1.cpp:(.text+0x18800): first defined here
/cvmfs/sling.si/modules/el7/software/binutils/2.40-GCCcore-13.2.0/bin/ld: /tmp/tmpxft_002c0c9f_00000000-18_gray_scott_cuda.o:(.data+0x34): multiple definition of `stbi_write_force_png_filter'; /tmp/tmpxft_002c0c9f_00000000-15_gray_scott_shared.o:(.data+0x34): first defined here
/cvmfs/sling.si/modules/el7/software/binutils/2.40-GCCcore-13.2.0/bin/ld: /tmp/tmpxft_002c0c9f_00000000-18_gray_scott_cuda.o:(.data+0x3c): multiple definition of `stbi_write_png_compression_level'; /tmp/tmpxft_002c0c9f_00000000-15_gray_scott_shared.o:(.data+0x3c): first defined here
/cvmfs/sling.si/modules/el7/software/binutils/2.40-GCCcore-13.2.0/bin/ld: /tmp/tmpxft_002c0c9f_00000000-18_gray_scott_cuda.o: in function `stbi_write_png':
tmpxft_002c0c9f_00000000-10_gray_scott_cuda.cudafe1.cpp:(.text+0x18bf0): multiple definition of `stbi_write_png'; /tmp/tmpxft_002c0c9f_00000000-15_gray_scott_shared.o:tmpxft_002c0c9f_00000000-6_gray_scott_shared.cudafe1.cpp:(.text+0x18bf0): first defined here
/cvmfs/sling.si/modules/el7/software/binutils/2.40-GCCcore-13.2.0/bin/ld: /tmp/tmpxft_002c0c9f_00000000-18_gray_scott_cuda.o: in function `stbi_write_png_to_func':
tmpxft_002c0c9f_00000000-10_gray_scott_cuda.cudafe1.cpp:(.text+0x18c70): multiple definition of `stbi_write_png_to_func'; /tmp/tmpxft_002c0c9f_00000000-15_gray_scott_shared.o:tmpxft_002c0c9f_00000000-6_gray_scott_shared.cudafe1.cpp:(.text+0x18c70): first defined here
/cvmfs/sling.si/modules/el7/software/binutils/2.40-GCCcore-13.2.0/bin/ld: /tmp/tmpxft_002c0c9f_00000000-18_gray_scott_cuda.o: in function `stbi_write_jpg_to_func':
tmpxft_002c0c9f_00000000-10_gray_scott_cuda.cudafe1.cpp:(.text+0x18cd0): multiple definition of `stbi_write_jpg_to_func'; /tmp/tmpxft_002c0c9f_00000000-15_gray_scott_shared.o:tmpxft_002c0c9f_00000000-6_gray_scott_shared.cudafe1.cpp:(.text+0x18cd0): first defined here
/cvmfs/sling.si/modules/el7/software/binutils/2.40-GCCcore-13.2.0/bin/ld: /tmp/tmpxft_002c0c9f_00000000-18_gray_scott_cuda.o: in function `stbi_write_jpg':
tmpxft_002c0c9f_00000000-10_gray_scott_cuda.cudafe1.cpp:(.text+0x18d40): multiple definition of `stbi_write_jpg'; /tmp/tmpxft_002c0c9f_00000000-15_gray_scott_shared.o:tmpxft_002c0c9f_00000000-6_gray_scott_shared.cudafe1.cpp:(.text+0x18d40): first defined here
/cvmfs/sling.si/modules/el7/software/binutils/2.40-GCCcore-13.2.0/bin/ld: /tmp/tmpxft_002c0c9f_00000000-18_gray_scott_cuda.o: in function `loadImage(char const*, int*, int*, int*)':
tmpxft_002c0c9f_00000000-10_gray_scott_cuda.cudafe1.cpp:(.text+0x18e00): multiple definition of `loadImage(char const*, int*, int*, int*)'; /tmp/tmpxft_002c0c9f_00000000-15_gray_scott_shared.o:tmpxft_002c0c9f_00000000-6_gray_scott_shared.cudafe1.cpp:(.text+0x18e00): first defined here
/cvmfs/sling.si/modules/el7/software/binutils/2.40-GCCcore-13.2.0/bin/ld: /tmp/tmpxft_002c0c9f_00000000-18_gray_scott_cuda.o: in function `writeImage(char const*, int, int, int, float const*)':
tmpxft_002c0c9f_00000000-10_gray_scott_cuda.cudafe1.cpp:(.text+0x18fb0): multiple definition of `writeImage(char const*, int, int, int, float const*)'; /tmp/tmpxft_002c0c9f_00000000-15_gray_scott_shared.o:tmpxft_002c0c9f_00000000-6_gray_scott_shared.cudafe1.cpp:(.text+0x18fb0): first defined here
/cvmfs/sling.si/modules/el7/software/binutils/2.40-GCCcore-13.2.0/bin/ld: /tmp/tmpxft_002c0c9f_00000000-18_gray_scott_cuda.o: in function `ucharToFloat(unsigned char const*, float*, unsigned long)':
tmpxft_002c0c9f_00000000-10_gray_scott_cuda.cudafe1.cpp:(.text+0x19060): multiple definition of `ucharToFloat(unsigned char const*, float*, unsigned long)'; /tmp/tmpxft_002c0c9f_00000000-15_gray_scott_shared.o:tmpxft_002c0c9f_00000000-6_gray_scott_shared.cudafe1.cpp:(.text+0x19060): first defined here
/cvmfs/sling.si/modules/el7/software/binutils/2.40-GCCcore-13.2.0/bin/ld: /tmp/tmpxft_002c0c9f_00000000-18_gray_scott_cuda.o: in function `floatToUchar(float const*, unsigned char*, unsigned long)':
tmpxft_002c0c9f_00000000-10_gray_scott_cuda.cudafe1.cpp:(.text+0x19090): multiple definition of `floatToUchar(float const*, unsigned char*, unsigned long)'; /tmp/tmpxft_002c0c9f_00000000-15_gray_scott_shared.o:tmpxft_002c0c9f_00000000-6_gray_scott_shared.cudafe1.cpp:(.text+0x19090): first defined here
/cvmfs/sling.si/modules/el7/software/binutils/2.40-GCCcore-13.2.0/bin/ld: /tmp/tmpxft_002c0c9f_00000000-18_gray_scott_cuda.o: in function `imageAt(float*, int, int, int, int, int)':
tmpxft_002c0c9f_00000000-10_gray_scott_cuda.cudafe1.cpp:(.text+0x190c0): multiple definition of `imageAt(float*, int, int, int, int, int)'; /tmp/tmpxft_002c0c9f_00000000-15_gray_scott_shared.o:tmpxft_002c0c9f_00000000-6_gray_scott_shared.cudafe1.cpp:(.text+0x190c0): first defined here
/cvmfs/sling.si/modules/el7/software/binutils/2.40-GCCcore-13.2.0/bin/ld: /tmp/tmpxft_002c0c9f_00000000-18_gray_scott_cuda.o: in function `cudaImageAt(float*, int, int, int, int, int)':
tmpxft_002c0c9f_00000000-10_gray_scott_cuda.cudafe1.cpp:(.text+0x19100): multiple definition of `cudaImageAt(float*, int, int, int, int, int)'; /tmp/tmpxft_002c0c9f_00000000-15_gray_scott_shared.o:tmpxft_002c0c9f_00000000-6_gray_scott_shared.cudafe1.cpp:(.text+0x19100): first defined here
/cvmfs/sling.si/modules/el7/software/binutils/2.40-GCCcore-13.2.0/bin/ld: /tmp/tmpxft_002c0c9f_00000000-18_gray_scott_cuda.o: in function `__device_stub__Z15grayScottKernelPfS_iiiddddd(float*, float*, int, int, int, double, double, double, double, double)':
tmpxft_002c0c9f_00000000-10_gray_scott_cuda.cudafe1.cpp:(.text+0x19120): multiple definition of `__device_stub__Z15grayScottKernelPfS_iiiddddd(float*, float*, int, int, int, double, double, double, double, double)'; /tmp/tmpxft_002c0c9f_00000000-15_gray_scott_shared.o:tmpxft_002c0c9f_00000000-6_gray_scott_shared.cudafe1.cpp:(.text+0x19120): first defined here
/cvmfs/sling.si/modules/el7/software/binutils/2.40-GCCcore-13.2.0/bin/ld: /tmp/tmpxft_002c0c9f_00000000-18_gray_scott_cuda.o: in function `main':
tmpxft_002c0c9f_00000000-10_gray_scott_cuda.cudafe1.cpp:(.text.startup+0x60): multiple definition of `main'; /tmp/tmpxft_002c0c9f_00000000-15_gray_scott_shared.o:tmpxft_002c0c9f_00000000-6_gray_scott_shared.cudafe1.cpp:(.text.startup+0x60): first defined here
collect2: error: ld returned 1 exit status
make: *** [Makefile:20: cuda_shared] Error 1
Running CUDA shared memory implementation for data/start1024.png...
Running CUDA shared memory implementation for data/start2048.png...
Running CUDA shared memory implementation for data/start256.png...
Running CUDA shared memory implementation for data/start4096.png...
Running CUDA shared memory implementation for data/start512.png...
